<?xml version="1.0" encoding="UTF-8"?>
<!-- Generated by org.testng.reporters.JUnitReportReporter -->
<testsuite hostname="NO-002-QA" failures="0" tests="1" name="restapitest.PostData" time="33.010" errors="0" timestamp="2023-10-26T15:36:29 IST" skipped="0">
  <testcase classname="restapitest.PostData" name="testdata" time="33.010"/>
  <system-out/>
</testsuite> <!-- restapitest.PostData -->
