<?xml version="1.0" encoding="UTF-8"?>
<!-- Generated by org.testng.reporters.JUnitReportReporter -->
<testsuite hostname="NO-002-QA" failures="0" tests="1" name="restapitest.TextkernProfessionsSuggestSkills" time="2.345" errors="0" timestamp="2024-01-10T12:34:14 IST" skipped="0">
  <testcase classname="restapitest.TextkernProfessionsSuggestSkills" name="ProfessionsSuggestSkills" time="2.345"/>
  <system-out/>
</testsuite> <!-- restapitest.TextkernProfessionsSuggestSkills -->
