<?xml version="1.0" encoding="UTF-8"?>
<!-- Generated by org.testng.reporters.JUnitReportReporter -->
<testsuite hostname="NO-002-QA" failures="0" tests="1" name="restapitest.TextkernSkillsLookup" time="2.016" errors="0" timestamp="2024-01-10T12:38:16 IST" skipped="0">
  <testcase classname="restapitest.TextkernSkillsLookup" name="SkillsLookup" time="2.016"/>
  <system-out/>
</testsuite> <!-- restapitest.TextkernSkillsLookup -->
