<?xml version="1.0" encoding="UTF-8"?>
<!-- Generated by org.testng.reporters.JUnitReportReporter -->
<testsuite hostname="NO-002-QA" failures="0" tests="3" name="restapitest.GetData" time="2.781" errors="0" timestamp="2023-11-22T18:48:52 IST" skipped="0">
  <testcase classname="restapitest.GetData" name="testdata" time="0.589"/>
  <system-out/>
  <testcase classname="restapitest.GetData" name="testBody" time="1.621"/>
  <system-out/>
  <testcase classname="restapitest.GetData" name="testResponseCode" time="0.571"/>
  <system-out/>
</testsuite> <!-- restapitest.GetData -->
