<?xml version="1.0" encoding="UTF-8"?>
<!-- Generated by org.testng.reporters.JUnitReportReporter -->
<testsuite hostname="NO-002-QA" failures="0" tests="2" name="restapitest.Textkernel" time="3.077" errors="0" timestamp="2023-10-26T12:14:28 IST" skipped="0">
  <testcase classname="restapitest.Textkernel" name="completeNormalized" time="2.201"/>
  <system-out/>
  <testcase classname="restapitest.Textkernel" name="professionsCompleteNormalized" time="0.876"/>
  <system-out/>
</testsuite> <!-- restapitest.Textkernel -->
