<?xml version="1.0" encoding="UTF-8"?>
<!-- Generated by org.testng.reporters.JUnitReportReporter -->
<testsuite hostname="NO-002-QA" failures="0" tests="1" name="restapitest.TextkernCompleteNormlized" time="2.527" errors="0" timestamp="2024-01-10T12:22:47 IST" skipped="0">
  <testcase classname="restapitest.TextkernCompleteNormlized" name="completeNormalized" time="2.527"/>
  <system-out/>
</testsuite> <!-- restapitest.TextkernCompleteNormlized -->
