<?xml version="1.0" encoding="UTF-8"?>
<!-- Generated by org.testng.reporters.JUnitReportReporter -->
<testsuite hostname="NO-002-QA" failures="0" tests="1" name="restapitest.NoxSkillLookupCodes" time="0.925" errors="0" timestamp="2024-09-12T16:08:14 IST" skipped="0">
  <testcase classname="restapitest.NoxSkillLookupCodes" name="test" time="0.925"/>
  <system-out/>
</testsuite> <!-- restapitest.NoxSkillLookupCodes -->
