<?xml version="1.0" encoding="UTF-8"?>
<!-- Generated by org.testng.reporters.JUnitReportReporter -->
<testsuite hostname="NO-002-QA" failures="0" tests="2" name="YounitedFour.YounitedFour.GetData" time="1.870" errors="0" timestamp="2023-10-25T17:59:25 IST" skipped="0">
  <testcase classname="YounitedFour.YounitedFour.GetData" name="testResponseCode" time="0.379"/>
  <system-out/>
  <testcase classname="YounitedFour.YounitedFour.GetData" name="testBody" time="1.491"/>
  <system-out/>
</testsuite> <!-- YounitedFour.YounitedFour.GetData -->
