<?xml version="1.0" encoding="UTF-8"?>
<!-- Generated by org.testng.reporters.JUnitReportReporter -->
<testsuite hostname="NO-002-QA" failures="0" tests="1" name="restapitest.TextkernProfnCompleteNormlized" time="2.047" errors="0" timestamp="2024-01-10T12:35:49 IST" skipped="0">
  <testcase classname="restapitest.TextkernProfnCompleteNormlized" name="professionsCompleteNormalized" time="2.047"/>
  <system-out/>
</testsuite> <!-- restapitest.TextkernProfnCompleteNormlized -->
